 _________________________________________________

 KRAKENC-Auto gen from Env object                                                
 Nominal Frequency =   53.00    Hz
 NMedia    =   3


     C-Linear approximation to SSP
     Attenuation units: dB/mkHz


   z (m)     alphaR (m/s)   betaR  rho (g/cm^3)  alphaI     betaI

     VACUUM

       ( # mesh points =   152  RMS roughness =   0.00     m )
      0.00      1521.94      0.00     1.00       0.0000    0.0000
      0.83      1521.95      0.00     1.00       0.0000    0.0000
      1.39      1521.94      0.00     1.00       0.0000    0.0000
      2.13      1521.90      0.00     1.00       0.0000    0.0000
      2.95      1521.84      0.00     1.00       0.0000    0.0000
      3.65      1521.74      0.00     1.00       0.0000    0.0000
      4.53      1521.53      0.00     1.00       0.0000    0.0000
      5.44      1521.18      0.00     1.00       0.0000    0.0000
      6.15      1520.84      0.00     1.00       0.0000    0.0000
      6.80      1520.51      0.00     1.00       0.0000    0.0000
      7.73      1520.04      0.00     1.00       0.0000    0.0000
      8.69      1519.58      0.00     1.00       0.0000    0.0000
      9.45      1519.13      0.00     1.00       0.0000    0.0000
     10.12      1518.59      0.00     1.00       0.0000    0.0000
     11.00      1517.45      0.00     1.00       0.0000    0.0000
     12.00      1515.25      0.00     1.00       0.0000    0.0000
     12.79      1512.28      0.00     1.00       0.0000    0.0000
     13.53      1509.48      0.00     1.00       0.0000    0.0000
     14.29      1507.26      0.00     1.00       0.0000    0.0000
     15.27      1505.05      0.00     1.00       0.0000    0.0000
     16.10      1503.40      0.00     1.00       0.0000    0.0000
     16.85      1502.35      0.00     1.00       0.0000    0.0000
     17.87      1501.27      0.00     1.00       0.0000    0.0000
     19.03      1500.28      0.00     1.00       0.0000    0.0000
     19.78      1499.89      0.00     1.00       0.0000    0.0000
     20.33      1499.64      0.00     1.00       0.0000    0.0000
     21.16      1499.22      0.00     1.00       0.0000    0.0000
     22.17      1498.59      0.00     1.00       0.0000    0.0000
     23.25      1497.96      0.00     1.00       0.0000    0.0000
     24.50      1497.13      0.00     1.00       0.0000    0.0000
     25.77      1496.52      0.00     1.00       0.0000    0.0000
     26.97      1496.12      0.00     1.00       0.0000    0.0000
     28.12      1495.77      0.00     1.00       0.0000    0.0000
     29.10      1495.49      0.00     1.00       0.0000    0.0000
     29.50      1495.40      0.00     1.00       0.0000    0.0000
     29.73      1495.34      0.00     1.00       0.0000    0.0000
     29.90      1495.30      0.00     1.00       0.0000    0.0000
     30.27      1495.21      0.00     1.00       0.0000    0.0000
     30.59      1495.12      0.00     1.00       0.0000    0.0000
     30.98      1495.02      0.00     1.00       0.0000    0.0000
     31.19      1494.95      0.00     1.00       0.0000    0.0000
     31.31      1494.91      0.00     1.00       0.0000    0.0000
     31.44      1494.87      0.00     1.00       0.0000    0.0000
     31.81      1494.70      0.00     1.00       0.0000    0.0000
     31.94      1494.63      0.00     1.00       0.0000    0.0000
     32.08      1494.56      0.00     1.00       0.0000    0.0000
     32.33      1494.40      0.00     1.00       0.0000    0.0000
     32.55      1494.27      0.00     1.00       0.0000    0.0000
     32.71      1494.21      0.00     1.00       0.0000    0.0000
     32.90      1494.14      0.00     1.00       0.0000    0.0000
     33.41      1493.93      0.00     1.00       0.0000    0.0000
     34.17      1493.67      0.00     1.00       0.0000    0.0000
     35.03      1493.44      0.00     1.00       0.0000    0.0000
     35.89      1493.25      0.00     1.00       0.0000    0.0000
     36.78      1493.10      0.00     1.00       0.0000    0.0000
     37.82      1492.92      0.00     1.00       0.0000    0.0000
     38.90      1492.68      0.00     1.00       0.0000    0.0000
     39.81      1492.54      0.00     1.00       0.0000    0.0000
     40.48      1492.45      0.00     1.00       0.0000    0.0000
     41.16      1492.37      0.00     1.00       0.0000    0.0000
     42.24      1492.27      0.00     1.00       0.0000    0.0000
     43.42      1492.18      0.00     1.00       0.0000    0.0000
     44.51      1492.13      0.00     1.00       0.0000    0.0000
     45.65      1492.08      0.00     1.00       0.0000    0.0000
     46.72      1492.03      0.00     1.00       0.0000    0.0000
     47.72      1491.98      0.00     1.00       0.0000    0.0000
     48.72      1491.93      0.00     1.00       0.0000    0.0000
     49.65      1491.89      0.00     1.00       0.0000    0.0000
     50.60      1491.84      0.00     1.00       0.0000    0.0000
     51.08      1491.82      0.00     1.00       0.0000    0.0000
     51.48      1491.79      0.00     1.00       0.0000    0.0000
     51.85      1491.77      0.00     1.00       0.0000    0.0000
     51.98      1491.76      0.00     1.00       0.0000    0.0000
     52.68      1491.69      0.00     1.00       0.0000    0.0000
     53.81      1491.54      0.00     1.00       0.0000    0.0000
     54.86      1491.37      0.00     1.00       0.0000    0.0000
     55.96      1491.23      0.00     1.00       0.0000    0.0000
     57.07      1491.13      0.00     1.00       0.0000    0.0000
     58.15      1491.04      0.00     1.00       0.0000    0.0000
     59.00      1490.97      0.00     1.00       0.0000    0.0000
     59.73      1490.91      0.00     1.00       0.0000    0.0000
     60.60      1490.84      0.00     1.00       0.0000    0.0000
     61.77      1490.74      0.00     1.00       0.0000    0.0000
     62.85      1490.66      0.00     1.00       0.0000    0.0000
     63.85      1490.59      0.00     1.00       0.0000    0.0000
     64.82      1490.51      0.00     1.00       0.0000    0.0000
     66.00      1490.42      0.00     1.00       0.0000    0.0000
     66.96      1490.35      0.00     1.00       0.0000    0.0000
     67.83      1490.30      0.00     1.00       0.0000    0.0000
     68.74      1490.24      0.00     1.00       0.0000    0.0000
     69.74      1490.17      0.00     1.00       0.0000    0.0000
     70.71      1490.07      0.00     1.00       0.0000    0.0000
     71.69      1489.93      0.00     1.00       0.0000    0.0000
     72.65      1489.85      0.00     1.00       0.0000    0.0000
     73.70      1489.79      0.00     1.00       0.0000    0.0000
     74.72      1489.73      0.00     1.00       0.0000    0.0000
     75.93      1489.68      0.00     1.00       0.0000    0.0000
     77.04      1489.66      0.00     1.00       0.0000    0.0000
     78.00      1489.63      0.00     1.00       0.0000    0.0000
     78.83      1489.61      0.00     1.00       0.0000    0.0000
     79.65      1489.61      0.00     1.00       0.0000    0.0000
     80.50      1489.62      0.00     1.00       0.0000    0.0000
     81.32      1489.62      0.00     1.00       0.0000    0.0000
     81.94      1489.63      0.00     1.00       0.0000    0.0000
     82.69      1489.63      0.00     1.00       0.0000    0.0000
     83.79      1489.63      0.00     1.00       0.0000    0.0000
     84.95      1489.62      0.00     1.00       0.0000    0.0000
     86.11      1489.59      0.00     1.00       0.0000    0.0000
     87.25      1489.55      0.00     1.00       0.0000    0.0000
     88.26      1489.51      0.00     1.00       0.0000    0.0000
     89.06      1489.46      0.00     1.00       0.0000    0.0000
     89.88      1489.41      0.00     1.00       0.0000    0.0000
     90.70      1489.33      0.00     1.00       0.0000    0.0000
     91.39      1489.24      0.00     1.00       0.0000    0.0000
     92.02      1489.16      0.00     1.00       0.0000    0.0000
     92.73      1489.14      0.00     1.00       0.0000    0.0000
     93.35      1489.13      0.00     1.00       0.0000    0.0000
     93.85      1489.12      0.00     1.00       0.0000    0.0000
     94.59      1489.07      0.00     1.00       0.0000    0.0000
     95.56      1488.96      0.00     1.00       0.0000    0.0000
     96.08      1488.89      0.00     1.00       0.0000    0.0000
     96.40      1488.83      0.00     1.00       0.0000    0.0000
     96.69      1488.78      0.00     1.00       0.0000    0.0000
     96.88      1488.75      0.00     1.00       0.0000    0.0000
     97.34      1488.65      0.00     1.00       0.0000    0.0000
     97.79      1488.59      0.00     1.00       0.0000    0.0000
     98.42      1488.55      0.00     1.00       0.0000    0.0000
     98.95      1488.51      0.00     1.00       0.0000    0.0000
     99.06      1488.50      0.00     1.00       0.0000    0.0000
     99.28      1488.49      0.00     1.00       0.0000    0.0000
     99.59      1488.46      0.00     1.00       0.0000    0.0000
    100.50      1488.33      0.00     1.00       0.0000    0.0000
    101.39      1488.25      0.00     1.00       0.0000    0.0000
    102.16      1488.20      0.00     1.00       0.0000    0.0000
    102.88      1488.18      0.00     1.00       0.0000    0.0000
    103.66      1488.17      0.00     1.00       0.0000    0.0000
    104.46      1488.16      0.00     1.00       0.0000    0.0000
    104.97      1488.15      0.00     1.00       0.0000    0.0000
    105.47      1488.13      0.00     1.00       0.0000    0.0000
    106.24      1488.08      0.00     1.00       0.0000    0.0000
    107.04      1488.05      0.00     1.00       0.0000    0.0000
    107.60      1488.03      0.00     1.00       0.0000    0.0000
    108.18      1488.00      0.00     1.00       0.0000    0.0000
    108.84      1487.99      0.00     1.00       0.0000    0.0000
    109.53      1487.97      0.00     1.00       0.0000    0.0000
    109.98      1487.96      0.00     1.00       0.0000    0.0000
    110.23      1487.95      0.00     1.00       0.0000    0.0000
    110.71      1487.92      0.00     1.00       0.0000    0.0000
    111.21      1487.87      0.00     1.00       0.0000    0.0000
    111.44      1487.84      0.00     1.00       0.0000    0.0000
    111.68      1487.81      0.00     1.00       0.0000    0.0000
    112.09      1487.77      0.00     1.00       0.0000    0.0000
    112.38      1487.75      0.00     1.00       0.0000    0.0000
    112.75      1487.73      0.00     1.00       0.0000    0.0000
    113.20      1487.71      0.00     1.00       0.0000    0.0000
    113.61      1487.70      0.00     1.00       0.0000    0.0000
    113.93      1487.69      0.00     1.00       0.0000    0.0000
    114.22      1487.69      0.00     1.00       0.0000    0.0000
    114.80      1487.70      0.00     1.00       0.0000    0.0000
    115.94      1487.73      0.00     1.00       0.0000    0.0000
    117.19      1487.78      0.00     1.00       0.0000    0.0000
    118.56      1487.83      0.00     1.00       0.0000    0.0000
    119.98      1487.91      0.00     1.00       0.0000    0.0000
    121.38      1488.02      0.00     1.00       0.0000    0.0000
    122.57      1488.09      0.00     1.00       0.0000    0.0000
    123.74      1488.14      0.00     1.00       0.0000    0.0000
    125.02      1488.19      0.00     1.00       0.0000    0.0000
    126.39      1488.28      0.00     1.00       0.0000    0.0000
    127.67      1488.40      0.00     1.00       0.0000    0.0000
    129.04      1488.54      0.00     1.00       0.0000    0.0000
    130.40      1488.67      0.00     1.00       0.0000    0.0000
    131.52      1488.74      0.00     1.00       0.0000    0.0000
    132.62      1488.81      0.00     1.00       0.0000    0.0000
    133.90      1488.87      0.00     1.00       0.0000    0.0000
    135.11      1488.92      0.00     1.00       0.0000    0.0000
    136.24      1488.95      0.00     1.00       0.0000    0.0000
    137.41      1488.97      0.00     1.00       0.0000    0.0000
    138.69      1488.96      0.00     1.00       0.0000    0.0000
    139.93      1488.95      0.00     1.00       0.0000    0.0000
    140.97      1488.93      0.00     1.00       0.0000    0.0000
    142.04      1488.92      0.00     1.00       0.0000    0.0000
    143.16      1488.91      0.00     1.00       0.0000    0.0000
    144.22      1488.91      0.00     1.00       0.0000    0.0000
    145.22      1488.91      0.00     1.00       0.0000    0.0000
    146.23      1488.91      0.00     1.00       0.0000    0.0000
    147.28      1488.89      0.00     1.00       0.0000    0.0000
    148.25      1488.89      0.00     1.00       0.0000    0.0000
    149.29      1488.89      0.00     1.00       0.0000    0.0000
    150.45      1488.90      0.00     1.00       0.0000    0.0000
    151.46      1488.90      0.00     1.00       0.0000    0.0000
    152.52      1488.92      0.00     1.00       0.0000    0.0000
    153.76      1488.93      0.00     1.00       0.0000    0.0000
    154.85      1488.95      0.00     1.00       0.0000    0.0000
    155.80      1488.96      0.00     1.00       0.0000    0.0000
    156.82      1488.98      0.00     1.00       0.0000    0.0000
    157.94      1488.99      0.00     1.00       0.0000    0.0000
    159.05      1489.00      0.00     1.00       0.0000    0.0000
    160.21      1489.00      0.00     1.00       0.0000    0.0000
    161.33      1488.99      0.00     1.00       0.0000    0.0000
    162.35      1488.96      0.00     1.00       0.0000    0.0000
    163.46      1488.92      0.00     1.00       0.0000    0.0000
    164.52      1488.90      0.00     1.00       0.0000    0.0000
    164.75      1488.88      0.00     1.00       0.0000    0.0000
    168.17      1488.53      0.00     1.00       0.0000    0.0000
    169.20      1488.47      0.00     1.00       0.0000    0.0000
    170.18      1488.42      0.00     1.00       0.0000    0.0000
    171.13      1488.44      0.00     1.00       0.0000    0.0000
    172.08      1488.43      0.00     1.00       0.0000    0.0000
    172.96      1488.45      0.00     1.00       0.0000    0.0000
    173.84      1488.46      0.00     1.00       0.0000    0.0000
    174.68      1488.48      0.00     1.00       0.0000    0.0000
    175.51      1488.48      0.00     1.00       0.0000    0.0000
    176.39      1488.50      0.00     1.00       0.0000    0.0000
    177.13      1488.51      0.00     1.00       0.0000    0.0000
    177.90      1488.53      0.00     1.00       0.0000    0.0000
    178.75      1488.57      0.00     1.00       0.0000    0.0000
    179.73      1488.55      0.00     1.00       0.0000    0.0000
    180.38      1488.60      0.00     1.00       0.0000    0.0000
    181.09      1488.61      0.00     1.00       0.0000    0.0000
    181.78      1488.61      0.00     1.00       0.0000    0.0000
    182.41      1488.55      0.00     1.00       0.0000    0.0000
    183.02      1488.55      0.00     1.00       0.0000    0.0000
    183.57      1488.54      0.00     1.00       0.0000    0.0000
    184.15      1488.54      0.00     1.00       0.0000    0.0000
    184.90      1488.55      0.00     1.00       0.0000    0.0000
    185.59      1488.53      0.00     1.00       0.0000    0.0000
    186.25      1488.50      0.00     1.00       0.0000    0.0000
    187.01      1488.51      0.00     1.00       0.0000    0.0000
    187.95      1488.53      0.00     1.00       0.0000    0.0000
    188.96      1488.51      0.00     1.00       0.0000    0.0000
    189.98      1488.47      0.00     1.00       0.0000    0.0000
    191.04      1488.40      0.00     1.00       0.0000    0.0000
    192.18      1488.35      0.00     1.00       0.0000    0.0000
    193.13      1488.34      0.00     1.00       0.0000    0.0000
    193.90      1488.32      0.00     1.00       0.0000    0.0000
    194.43      1488.31      0.00     1.00       0.0000    0.0000
    195.05      1488.27      0.00     1.00       0.0000    0.0000
    195.71      1488.25      0.00     1.00       0.0000    0.0000
    196.17      1488.25      0.00     1.00       0.0000    0.0000
    196.67      1488.26      0.00     1.00       0.0000    0.0000
    197.27      1488.27      0.00     1.00       0.0000    0.0000
    197.92      1488.29      0.00     1.00       0.0000    0.0000
    198.47      1488.30      0.00     1.00       0.0000    0.0000
    198.97      1488.30      0.00     1.00       0.0000    0.0000
    199.32      1488.32      0.00     1.00       0.0000    0.0000
    199.59      1488.31      0.00     1.00       0.0000    0.0000
    199.95      1488.31      0.00     1.00       0.0000    0.0000
    200.16      1488.26      0.00     1.00       0.0000    0.0000
    208.35      1488.26      0.00     1.00       0.0000    0.0000
    216.50      1488.26      0.00     1.00       0.0000    0.0000

       ( # mesh points =   152  RMS roughness =   0.00     m )
    216.50      1572.37      0.00     2.50       0.0000    0.0000
    240.00      1593.02      0.00     2.50       0.0000    0.0000

       ( # mesh points =   152  RMS roughness =   0.00     m )
    240.00      1881.02      0.00     3.20       0.0000    0.0000
   1040.00      3245.80      0.00     3.20       0.0000    0.0000

                              ( RMS roughness =   0.00     m )
     ACOUSTO-ELASTIC half-space
   1040.00      5200.00      0.00     3.20       0.0000    0.0000

 cLow =   1488.0     m/s      cHigh =   1572.0     m/s
 RMax =   1.0000     km

 __________________________________________________________________________

 Number of Source   depths, Sz =            1
 Source   depths, Sz (m)
   50.0000    


 __________________________________________________________________________

 Number of Receiver depths, Rz =        21650
 Receiver depths, Rz (m)
  0.100000E-01  0.200000E-01  0.300000E-01  0.400000E-01  0.500000E-01
  0.600000E-01  0.700000E-01  0.800000E-01  0.900000E-01  0.100000    
          ... 
   216.500    


 Mesh multiplier   CPU seconds
 Max. number of restarts in root finder, MaxTries =            1
        1            0.192E-02s
 Max. number of restarts in root finder, MaxTries =            1
        2            0.392E-03s

    I    k (1/m)            alpha (1/m)   Phase Speed (m/s) Group Speed (m/s)
    1  0.2232890194       0.000000000       1491.380195       1487.085943    
    2  0.2220365245       0.000000000       1499.792982       1481.627625    
    3  0.2200129960       0.000000000       1513.587049       1470.245001    
    4  0.2170740865       0.000000000       1534.079109       1452.766237    
    5  0.2132206790       0.000000000       1561.803587       1428.956939    
 _________________________________________________

 End of environmental file
